-------------------------------------------------------------------------------
Test set: scripts._01_AppleTest
-------------------------------------------------------------------------------
Tests run: 3, Failures: 1, Errors: 0, Skipped: 0, Time elapsed: 17.526 sec <<< FAILURE!
X(scripts._01_AppleTest)  Time elapsed: 0.012 sec  <<< FAILURE!
java.lang.AssertionError: Failure on purpose
	at org.testng.Assert.fail(Assert.java:97)
	at scripts._01_AppleTest.X(_01_AppleTest.java:50)

